<?xml version="1.0" encoding="UTF-8"?>
<coverage generated="1552736124631" clover="3.2.0">
  <project timestamp="1552736124631" name="All files">
    <metrics statements="29" coveredstatements="16" conditionals="8" coveredconditionals="1" methods="14" coveredmethods="2" elements="51" coveredelements="19" complexity="0" loc="29" ncloc="29" packages="4" files="5" classes="5">
      <package name="PamerKuy">
        <metrics statements="1" coveredstatements="1" conditionals="0" coveredconditionals="0" methods="0" coveredmethods="0"/>
        <file name="enzyme-setup.js" path="/Users/yogiwisesa/Documents/dev/react-native/PamerKuy/enzyme-setup.js">
          <metrics statements="1" coveredstatements="1" conditionals="0" coveredconditionals="0" methods="0" coveredmethods="0"/>
          <line num="4" count="1" type="stmt"/>
        </file>
      </package>
      <package name="PamerKuy.config">
        <metrics statements="1" coveredstatements="1" conditionals="0" coveredconditionals="0" methods="0" coveredmethods="0"/>
        <file name="URL.js" path="/Users/yogiwisesa/Documents/dev/react-native/PamerKuy/config/URL.js">
          <metrics statements="1" coveredstatements="1" conditionals="0" coveredconditionals="0" methods="0" coveredmethods="0"/>
          <line num="1" count="1" type="stmt"/>
        </file>
      </package>
      <package name="PamerKuy.redux.songs">
        <metrics statements="17" coveredstatements="8" conditionals="0" coveredconditionals="0" methods="8" coveredmethods="0"/>
        <file name="actions.js" path="/Users/yogiwisesa/Documents/dev/react-native/PamerKuy/redux/songs/actions.js">
          <metrics statements="14" coveredstatements="5" conditionals="0" coveredconditionals="0" methods="8" coveredmethods="0"/>
          <line num="4" count="1" type="stmt"/>
          <line num="6" count="1" type="stmt"/>
          <line num="7" count="0" type="stmt"/>
          <line num="8" count="0" type="stmt"/>
          <line num="9" count="0" type="stmt"/>
          <line num="11" count="0" type="stmt"/>
          <line num="12" count="0" type="stmt"/>
          <line num="16" count="0" type="stmt"/>
          <line num="21" count="1" type="stmt"/>
          <line num="22" count="0" type="stmt"/>
          <line num="28" count="1" type="stmt"/>
          <line num="29" count="0" type="stmt"/>
          <line num="36" count="1" type="stmt"/>
          <line num="37" count="0" type="stmt"/>
        </file>
        <file name="types.js" path="/Users/yogiwisesa/Documents/dev/react-native/PamerKuy/redux/songs/types.js">
          <metrics statements="3" coveredstatements="3" conditionals="0" coveredconditionals="0" methods="0" coveredmethods="0"/>
          <line num="1" count="1" type="stmt"/>
          <line num="2" count="1" type="stmt"/>
          <line num="3" count="1" type="stmt"/>
        </file>
      </package>
      <package name="PamerKuy.screens.SongsScreen">
        <metrics statements="10" coveredstatements="6" conditionals="8" coveredconditionals="1" methods="6" coveredmethods="2"/>
        <file name="SongsScreen.js" path="/Users/yogiwisesa/Documents/dev/react-native/PamerKuy/screens/SongsScreen/SongsScreen.js">
          <metrics statements="10" coveredstatements="6" conditionals="8" coveredconditionals="1" methods="6" coveredmethods="2"/>
          <line num="26" count="0" type="stmt"/>
          <line num="32" count="1" type="stmt"/>
          <line num="34" count="1" type="stmt"/>
          <line num="40" count="0" type="stmt"/>
          <line num="41" count="0" type="stmt"/>
          <line num="47" count="1" type="stmt"/>
          <line num="74" count="0" type="stmt"/>
          <line num="102" count="1" type="stmt"/>
          <line num="111" count="1" type="stmt"/>
          <line num="115" count="1" type="stmt"/>
        </file>
      </package>
    </metrics>
  </project>
</coverage>
