{"/Users/yogiwisesa/Documents/dev/react-native/PamerKuy/enzyme-setup.js": {"path":"/Users/yogiwisesa/Documents/dev/react-native/PamerKuy/enzyme-setup.js","statementMap":{"0":{"start":{"line":4,"column":0},"end":{"line":4,"column":45}}},"fnMap":{},"branchMap":{},"s":{"0":1},"f":{},"b":{},"_coverageSchema":"332fd63041d2c1bcb487cc26dd0d5f7d97098a6c","hash":"4fa8b74cfc8aab7d2b0fc599243895c06a2625dd"}
,"/Users/yogiwisesa/Documents/dev/react-native/PamerKuy/config/URL.js": {"path":"/Users/yogiwisesa/Documents/dev/react-native/PamerKuy/config/URL.js","statementMap":{"0":{"start":{"line":1,"column":29},"end":{"line":1,"column":116}},"1":{"start":{"line":3,"column":30},"end":{"line":3,"column":146}},"2":{"start":{"line":4,"column":32},"end":{"line":4,"column":126}}},"fnMap":{},"branchMap":{},"s":{"0":1,"1":1,"2":1},"f":{},"b":{},"_coverageSchema":"332fd63041d2c1bcb487cc26dd0d5f7d97098a6c","hash":"e18a281437f3f13bfd8739336b838e86eff11b71"}
,"/Users/yogiwisesa/Documents/dev/react-native/PamerKuy/redux/activity/actions.js": {"path":"/Users/yogiwisesa/Documents/dev/react-native/PamerKuy/redux/activity/actions.js","statementMap":{"0":{"start":{"line":3,"column":41},"end":{"line":9,"column":1}},"1":{"start":{"line":4,"column":2},"end":{"line":8,"column":4}},"2":{"start":{"line":5,"column":4},"end":{"line":7,"column":6}},"3":{"start":{"line":11,"column":35},"end":{"line":16,"column":1}},"4":{"start":{"line":12,"column":2},"end":{"line":15,"column":4}}},"fnMap":{"0":{"name":"(anonymous_0)","decl":{"start":{"line":3,"column":41},"end":{"line":3,"column":42}},"loc":{"start":{"line":3,"column":64},"end":{"line":9,"column":1}},"line":3},"1":{"name":"(anonymous_1)","decl":{"start":{"line":4,"column":9},"end":{"line":4,"column":10}},"loc":{"start":{"line":4,"column":21},"end":{"line":8,"column":3}},"line":4},"2":{"name":"(anonymous_2)","decl":{"start":{"line":11,"column":35},"end":{"line":11,"column":36}},"loc":{"start":{"line":11,"column":47},"end":{"line":16,"column":1}},"line":11}},"branchMap":{},"s":{"0":1,"1":0,"2":0,"3":1,"4":0},"f":{"0":0,"1":0,"2":0},"b":{},"_coverageSchema":"332fd63041d2c1bcb487cc26dd0d5f7d97098a6c","hash":"cb9469bc148eea63f926109df04e70ad6041d0e9"}
,"/Users/yogiwisesa/Documents/dev/react-native/PamerKuy/redux/activity/types.js": {"path":"/Users/yogiwisesa/Documents/dev/react-native/PamerKuy/redux/activity/types.js","statementMap":{"0":{"start":{"line":1,"column":33},"end":{"line":1,"column":52}}},"fnMap":{},"branchMap":{},"s":{"0":1},"f":{},"b":{},"_coverageSchema":"332fd63041d2c1bcb487cc26dd0d5f7d97098a6c","hash":"bfbb1a3e1df344a05771717ed07a8bb15a4de404"}
,"/Users/yogiwisesa/Documents/dev/react-native/PamerKuy/redux/songs/actions.js": {"path":"/Users/yogiwisesa/Documents/dev/react-native/PamerKuy/redux/songs/actions.js","statementMap":{"0":{"start":{"line":4,"column":24},"end":{"line":4,"column":68}},"1":{"start":{"line":6,"column":36},"end":{"line":19,"column":1}},"2":{"start":{"line":7,"column":2},"end":{"line":18,"column":4}},"3":{"start":{"line":8,"column":4},"end":{"line":8,"column":35}},"4":{"start":{"line":9,"column":4},"end":{"line":17,"column":9}},"5":{"start":{"line":11,"column":8},"end":{"line":13,"column":10}},"6":{"start":{"line":12,"column":10},"end":{"line":12,"column":46}},"7":{"start":{"line":16,"column":8},"end":{"line":16,"column":46}},"8":{"start":{"line":21,"column":30},"end":{"line":26,"column":1}},"9":{"start":{"line":22,"column":2},"end":{"line":25,"column":4}},"10":{"start":{"line":28,"column":37},"end":{"line":34,"column":1}},"11":{"start":{"line":29,"column":2},"end":{"line":33,"column":4}},"12":{"start":{"line":36,"column":36},"end":{"line":42,"column":1}},"13":{"start":{"line":37,"column":2},"end":{"line":41,"column":4}}},"fnMap":{"0":{"name":"(anonymous_0)","decl":{"start":{"line":6,"column":36},"end":{"line":6,"column":37}},"loc":{"start":{"line":6,"column":47},"end":{"line":19,"column":1}},"line":6},"1":{"name":"(anonymous_1)","decl":{"start":{"line":7,"column":9},"end":{"line":7,"column":10}},"loc":{"start":{"line":7,"column":21},"end":{"line":18,"column":3}},"line":7},"2":{"name":"(anonymous_2)","decl":{"start":{"line":10,"column":12},"end":{"line":10,"column":13}},"loc":{"start":{"line":10,"column":22},"end":{"line":14,"column":7}},"line":10},"3":{"name":"(anonymous_3)","decl":{"start":{"line":11,"column":27},"end":{"line":11,"column":28}},"loc":{"start":{"line":11,"column":34},"end":{"line":13,"column":9}},"line":11},"4":{"name":"(anonymous_4)","decl":{"start":{"line":15,"column":13},"end":{"line":15,"column":14}},"loc":{"start":{"line":15,"column":22},"end":{"line":17,"column":7}},"line":15},"5":{"name":"(anonymous_5)","decl":{"start":{"line":21,"column":30},"end":{"line":21,"column":31}},"loc":{"start":{"line":21,"column":38},"end":{"line":26,"column":1}},"line":21},"6":{"name":"(anonymous_6)","decl":{"start":{"line":28,"column":37},"end":{"line":28,"column":38}},"loc":{"start":{"line":28,"column":45},"end":{"line":34,"column":1}},"line":28},"7":{"name":"(anonymous_7)","decl":{"start":{"line":36,"column":36},"end":{"line":36,"column":37}},"loc":{"start":{"line":36,"column":45},"end":{"line":42,"column":1}},"line":36}},"branchMap":{},"s":{"0":1,"1":1,"2":0,"3":0,"4":0,"5":0,"6":0,"7":0,"8":1,"9":0,"10":1,"11":0,"12":1,"13":0},"f":{"0":0,"1":0,"2":0,"3":0,"4":0,"5":0,"6":0,"7":0},"b":{},"_coverageSchema":"332fd63041d2c1bcb487cc26dd0d5f7d97098a6c","hash":"824f22f07f2c0ad86d0ab7e2b26513db736cbb34"}
,"/Users/yogiwisesa/Documents/dev/react-native/PamerKuy/redux/songs/types.js": {"path":"/Users/yogiwisesa/Documents/dev/react-native/PamerKuy/redux/songs/types.js","statementMap":{"0":{"start":{"line":1,"column":32},"end":{"line":1,"column":50}},"1":{"start":{"line":2,"column":40},"end":{"line":2,"column":66}},"2":{"start":{"line":3,"column":37},"end":{"line":3,"column":60}}},"fnMap":{},"branchMap":{},"s":{"0":1,"1":1,"2":1},"f":{},"b":{},"_coverageSchema":"332fd63041d2c1bcb487cc26dd0d5f7d97098a6c","hash":"3fce6ee6f8cacc766104d9c9f3a3e2042c50c73d"}
,"/Users/yogiwisesa/Documents/dev/react-native/PamerKuy/screens/SongsScreen/SongsScreen.js": {"path":"/Users/yogiwisesa/Documents/dev/react-native/PamerKuy/screens/SongsScreen/SongsScreen.js","statementMap":{"0":{"start":{"line":27,"column":4},"end":{"line":29,"column":6}},"1":{"start":{"line":33,"column":4},"end":{"line":33,"column":17}},"2":{"start":{"line":35,"column":4},"end":{"line":41,"column":6}},"3":{"start":{"line":45,"column":4},"end":{"line":45,"column":49}},"4":{"start":{"line":46,"column":4},"end":{"line":48,"column":7}},"5":{"start":{"line":52,"column":25},"end":{"line":52,"column":59}},"6":{"start":{"line":53,"column":4},"end":{"line":64,"column":6}},"7":{"start":{"line":61,"column":8},"end":{"line":61,"column":75}},"8":{"start":{"line":62,"column":8},"end":{"line":62,"column":36}},"9":{"start":{"line":68,"column":4},"end":{"line":132,"column":6}},"10":{"start":{"line":101,"column":14},"end":{"line":127,"column":25}},"11":{"start":{"line":106,"column":18},"end":{"line":106,"column":53}},"12":{"start":{"line":136,"column":15},"end":{"line":143,"column":2}},"13":{"start":{"line":145,"column":24},"end":{"line":147,"column":2}},"14":{"start":{"line":145,"column":34},"end":{"line":147,"column":1}},"15":{"start":{"line":149,"column":27},"end":{"line":152,"column":1}}},"fnMap":{"0":{"name":"(anonymous_0)","decl":{"start":{"line":26,"column":29},"end":{"line":26,"column":30}},"loc":{"start":{"line":26,"column":49},"end":{"line":30,"column":3}},"line":26},"1":{"name":"(anonymous_1)","decl":{"start":{"line":32,"column":2},"end":{"line":32,"column":3}},"loc":{"start":{"line":32,"column":21},"end":{"line":42,"column":3}},"line":32},"2":{"name":"(anonymous_2)","decl":{"start":{"line":44,"column":22},"end":{"line":44,"column":23}},"loc":{"start":{"line":44,"column":30},"end":{"line":49,"column":3}},"line":44},"3":{"name":"(anonymous_3)","decl":{"start":{"line":51,"column":27},"end":{"line":51,"column":28}},"loc":{"start":{"line":51,"column":36},"end":{"line":65,"column":3}},"line":51},"4":{"name":"(anonymous_4)","decl":{"start":{"line":60,"column":6},"end":{"line":60,"column":7}},"loc":{"start":{"line":60,"column":12},"end":{"line":63,"column":7}},"line":60},"5":{"name":"(anonymous_5)","decl":{"start":{"line":67,"column":2},"end":{"line":67,"column":3}},"loc":{"start":{"line":67,"column":11},"end":{"line":133,"column":3}},"line":67},"6":{"name":"(anonymous_6)","decl":{"start":{"line":100,"column":45},"end":{"line":100,"column":46}},"loc":{"start":{"line":101,"column":14},"end":{"line":127,"column":25}},"line":101},"7":{"name":"(anonymous_7)","decl":{"start":{"line":105,"column":25},"end":{"line":105,"column":26}},"loc":{"start":{"line":105,"column":31},"end":{"line":107,"column":17}},"line":105},"8":{"name":"(anonymous_8)","decl":{"start":{"line":145,"column":24},"end":{"line":145,"column":25}},"loc":{"start":{"line":145,"column":34},"end":{"line":147,"column":1}},"line":145}},"branchMap":{"0":{"loc":{"start":{"line":79,"column":13},"end":{"line":83,"column":13}},"type":"binary-expr","locations":[{"start":{"line":79,"column":13},"end":{"line":79,"column":43}},{"start":{"line":79,"column":47},"end":{"line":79,"column":75}},{"start":{"line":80,"column":14},"end":{"line":82,"column":25}}],"line":79},"1":{"loc":{"start":{"line":84,"column":13},"end":{"line":88,"column":13}},"type":"binary-expr","locations":[{"start":{"line":84,"column":13},"end":{"line":84,"column":32}},{"start":{"line":84,"column":36},"end":{"line":84,"column":72}},{"start":{"line":85,"column":14},"end":{"line":87,"column":25}}],"line":84},"2":{"loc":{"start":{"line":89,"column":13},"end":{"line":93,"column":13}},"type":"binary-expr","locations":[{"start":{"line":89,"column":13},"end":{"line":89,"column":49}},{"start":{"line":89,"column":53},"end":{"line":89,"column":84}},{"start":{"line":89,"column":88},"end":{"line":89,"column":108}},{"start":{"line":90,"column":14},"end":{"line":92,"column":25}}],"line":89},"3":{"loc":{"start":{"line":95,"column":13},"end":{"line":99,"column":13}},"type":"binary-expr","locations":[{"start":{"line":95,"column":13},"end":{"line":95,"column":51}},{"start":{"line":96,"column":14},"end":{"line":98,"column":25}}],"line":95}},"s":{"0":0,"1":3,"2":3,"3":1,"4":1,"5":1,"6":1,"7":1,"8":0,"9":6,"10":4,"11":0,"12":1,"13":1,"14":0,"15":1},"f":{"0":0,"1":3,"2":1,"3":1,"4":1,"5":6,"6":4,"7":0,"8":0},"b":{"0":[6,0,0],"1":[6,5,3],"2":[6,4,4,1],"3":[6,0]},"_coverageSchema":"332fd63041d2c1bcb487cc26dd0d5f7d97098a6c","hash":"46b0876e7a6552cab8e5e515f4524e58a38ce754"}
}
