{"/Users/yogiwisesa/Documents/dev/react-native/PamerKuy/enzyme-setup.js": {"path":"/Users/yogiwisesa/Documents/dev/react-native/PamerKuy/enzyme-setup.js","statementMap":{"0":{"start":{"line":4,"column":0},"end":{"line":4,"column":45}}},"fnMap":{},"branchMap":{},"s":{"0":1},"f":{},"b":{},"_coverageSchema":"332fd63041d2c1bcb487cc26dd0d5f7d97098a6c","hash":"4fa8b74cfc8aab7d2b0fc599243895c06a2625dd"}
,"/Users/yogiwisesa/Documents/dev/react-native/PamerKuy/screens/StatusScreen/StatusScreen.js": {"path":"/Users/yogiwisesa/Documents/dev/react-native/PamerKuy/screens/StatusScreen/StatusScreen.js","statementMap":{"0":{"start":{"line":7,"column":4},"end":{"line":11,"column":6}}},"fnMap":{"0":{"name":"(anonymous_0)","decl":{"start":{"line":6,"column":2},"end":{"line":6,"column":3}},"loc":{"start":{"line":6,"column":11},"end":{"line":12,"column":3}},"line":6}},"branchMap":{},"s":{"0":1},"f":{"0":1},"b":{},"_coverageSchema":"332fd63041d2c1bcb487cc26dd0d5f7d97098a6c","hash":"132cf48e0d7429057e600e0bf5ba0f389e8073d1"}
}
