TN:
SF:/Users/yogiwisesa/Documents/dev/react-native/PamerKuy/enzyme-setup.js
FNF:0
FNH:0
DA:4,1
LF:1
LH:1
BRF:0
BRH:0
end_of_record
TN:
SF:/Users/yogiwisesa/Documents/dev/react-native/PamerKuy/config/URL.js
FNF:0
FNH:0
DA:1,1
DA:3,1
DA:4,1
LF:3
LH:3
BRF:0
BRH:0
end_of_record
TN:
SF:/Users/yogiwisesa/Documents/dev/react-native/PamerKuy/redux/activity/actions.js
FN:3,(anonymous_0)
FN:4,(anonymous_1)
FN:11,(anonymous_2)
FNF:3
FNH:0
FNDA:0,(anonymous_0)
FNDA:0,(anonymous_1)
FNDA:0,(anonymous_2)
DA:3,1
DA:4,0
DA:5,0
DA:11,1
DA:12,0
LF:5
LH:2
BRF:0
BRH:0
end_of_record
TN:
SF:/Users/yogiwisesa/Documents/dev/react-native/PamerKuy/redux/activity/types.js
FNF:0
FNH:0
DA:1,1
LF:1
LH:1
BRF:0
BRH:0
end_of_record
TN:
SF:/Users/yogiwisesa/Documents/dev/react-native/PamerKuy/redux/songs/actions.js
FN:6,(anonymous_0)
FN:7,(anonymous_1)
FN:10,(anonymous_2)
FN:11,(anonymous_3)
FN:15,(anonymous_4)
FN:21,(anonymous_5)
FN:28,(anonymous_6)
FN:36,(anonymous_7)
FNF:8
FNH:0
FNDA:0,(anonymous_0)
FNDA:0,(anonymous_1)
FNDA:0,(anonymous_2)
FNDA:0,(anonymous_3)
FNDA:0,(anonymous_4)
FNDA:0,(anonymous_5)
FNDA:0,(anonymous_6)
FNDA:0,(anonymous_7)
DA:4,1
DA:6,1
DA:7,0
DA:8,0
DA:9,0
DA:11,0
DA:12,0
DA:16,0
DA:21,1
DA:22,0
DA:28,1
DA:29,0
DA:36,1
DA:37,0
LF:14
LH:5
BRF:0
BRH:0
end_of_record
TN:
SF:/Users/yogiwisesa/Documents/dev/react-native/PamerKuy/redux/songs/types.js
FNF:0
FNH:0
DA:1,1
DA:2,1
DA:3,1
LF:3
LH:3
BRF:0
BRH:0
end_of_record
TN:
SF:/Users/yogiwisesa/Documents/dev/react-native/PamerKuy/screens/SongsScreen/SongsScreen.js
FN:26,(anonymous_0)
FN:32,(anonymous_1)
FN:44,(anonymous_2)
FN:51,(anonymous_3)
FN:60,(anonymous_4)
FN:67,(anonymous_5)
FN:100,(anonymous_6)
FN:105,(anonymous_7)
FN:145,(anonymous_8)
FNF:9
FNH:6
FNDA:0,(anonymous_0)
FNDA:3,(anonymous_1)
FNDA:1,(anonymous_2)
FNDA:1,(anonymous_3)
FNDA:1,(anonymous_4)
FNDA:6,(anonymous_5)
FNDA:4,(anonymous_6)
FNDA:0,(anonymous_7)
FNDA:0,(anonymous_8)
DA:27,0
DA:33,3
DA:35,3
DA:45,1
DA:46,1
DA:52,1
DA:53,1
DA:61,1
DA:62,0
DA:68,6
DA:101,4
DA:106,0
DA:136,1
DA:145,1
DA:149,1
LF:15
LH:12
BRDA:79,0,0,6
BRDA:79,0,1,0
BRDA:79,0,2,0
BRDA:84,1,0,6
BRDA:84,1,1,5
BRDA:84,1,2,3
BRDA:89,2,0,6
BRDA:89,2,1,4
BRDA:89,2,2,4
BRDA:89,2,3,1
BRDA:95,3,0,6
BRDA:95,3,1,0
BRF:12
BRH:9
end_of_record
