TN:
SF:/Users/yogiwisesa/Documents/dev/react-native/PamerKuy/enzyme-setup.js
FNF:0
FNH:0
DA:4,1
LF:1
LH:1
BRF:0
BRH:0
end_of_record
TN:
SF:/Users/yogiwisesa/Documents/dev/react-native/PamerKuy/config/URL.js
FNF:0
FNH:0
DA:1,1
LF:1
LH:1
BRF:0
BRH:0
end_of_record
TN:
SF:/Users/yogiwisesa/Documents/dev/react-native/PamerKuy/redux/songs/actions.js
FN:6,(anonymous_0)
FN:7,(anonymous_1)
FN:10,(anonymous_2)
FN:11,(anonymous_3)
FN:15,(anonymous_4)
FN:21,(anonymous_5)
FN:28,(anonymous_6)
FN:36,(anonymous_7)
FNF:8
FNH:0
FNDA:0,(anonymous_0)
FNDA:0,(anonymous_1)
FNDA:0,(anonymous_2)
FNDA:0,(anonymous_3)
FNDA:0,(anonymous_4)
FNDA:0,(anonymous_5)
FNDA:0,(anonymous_6)
FNDA:0,(anonymous_7)
DA:4,1
DA:6,1
DA:7,0
DA:8,0
DA:9,0
DA:11,0
DA:12,0
DA:16,0
DA:21,1
DA:22,0
DA:28,1
DA:29,0
DA:36,1
DA:37,0
LF:14
LH:5
BRF:0
BRH:0
end_of_record
TN:
SF:/Users/yogiwisesa/Documents/dev/react-native/PamerKuy/redux/songs/types.js
FNF:0
FNH:0
DA:1,1
DA:2,1
DA:3,1
LF:3
LH:3
BRF:0
BRH:0
end_of_record
TN:
SF:/Users/yogiwisesa/Documents/dev/react-native/PamerKuy/screens/SongsScreen/SongsScreen.js
FN:25,(anonymous_0)
FN:31,(anonymous_1)
FN:39,(anonymous_2)
FN:46,(anonymous_3)
FN:73,(anonymous_4)
FN:111,(anonymous_5)
FNF:6
FNH:2
FNDA:0,(anonymous_0)
FNDA:1,(anonymous_1)
FNDA:0,(anonymous_2)
FNDA:1,(anonymous_3)
FNDA:0,(anonymous_4)
FNDA:0,(anonymous_5)
DA:26,0
DA:32,1
DA:34,1
DA:40,0
DA:41,0
DA:47,1
DA:74,0
DA:102,1
DA:111,1
DA:115,1
LF:10
LH:6
BRDA:58,0,0,1
BRDA:58,0,1,0
BRDA:58,0,2,0
BRDA:63,1,0,0
BRDA:63,1,1,0
BRDA:63,1,2,0
BRDA:68,2,0,0
BRDA:68,2,1,0
BRF:8
BRH:1
end_of_record
